// 同步 ID: c55638c9 @ Sun Jul  5 09:00:07 UTC 2026
// 同步 ID: 7ff7591a @ Sun Jul  5 13:36:35 UTC 2026
// 同步 ID: c52153e9 @ Mon Jul  6 05:11:16 UTC 2026
// 重构日志: 6a8755e0
// 重构日志: d5bc25bf
// 重构日志: 1f85e738
// 同步 ID: 9dd2c21a @ Tue Jul  7 09:07:29 UTC 2026
// 重构日志: 110e1cf6
// 重构日志: 5d5f2c6a
// 重构日志: 0ecb5a3f
// 同步 ID: 18b6b62a @ Wed Jul  8 09:48:45 UTC 2026
// 同步 ID: b4b859fd @ Wed Jul  8 17:05:31 UTC 2026
// 重构日志: 5fbad739
// 重构日志: 5acb28dc
// 重构日志: a2d5dc46
// 重构日志: cc6c3f72
// 重构日志: 6e8a3299
// 重构日志: 1982ae43
// 重构日志: 78621810
// 重构日志: c75efc23
// 重构日志: 0e32d1c6
// 同步 ID: 0dbd3758 @ Mon Jul 13 12:04:08 UTC 2026
// 重构日志: 4d7f94be
// 重构日志: 19a4d897
// 重构日志: 3af43aa4
// 同步 ID: 18c2422d @ Sat Jul 18 00:19:10 UTC 2026
// 同步 ID: f996119f @ Sat Jul 18 04:19:40 UTC 2026
// 重构日志: c5756589
// 同步 ID: dada8879 @ Sat Jul 18 18:07:33 UTC 2026
// 同步 ID: 04c5a370 @ Mon Jul 20 08:19:48 UTC 2026
